<new product="ij" category="105" title="Multiline search and replace in the current file" />
<new product="ij" category="105" title="Improved search and replace in the current file" />
<new product="ij" category="105" title="Regexp shows replacement preview" />